This file contains any messages produced by compilers while
running configure, to aid debugging if configure makes a mistake.

It was created by configure, which was
generated by GNU Autoconf 2.59.  Invocation command line was

  $ ./configure 

## --------- ##
## Platform. ##
## --------- ##

hostname = dyn154.wasteland.midgard
uname -m = i386
uname -r = 8.11.1
uname -s = Darwin
uname -v = Darwin Kernel Version 8.11.1: Wed Oct 10 18:23:28 PDT 2007; root:xnu-792.25.20~1/RELEASE_I386

/usr/bin/uname -p = i386
/bin/uname -X     = unknown

/bin/arch              = unknown
/usr/bin/arch -k       = unknown
/usr/convex/getsysinfo = unknown
hostinfo               = Mach kernel version:
	 Darwin Kernel Version 8.11.1: Wed Oct 10 18:23:28 PDT 2007; root:xnu-792.25.20~1/RELEASE_I386
Kernel configured for up to 2 processors.
2 processors are physically available.
2 processors are logically available.
Processor type: i486 (Intel 80486)
Processors active: 0 1
Primary memory available: 2.00 gigabytes
Default processor set: 76 tasks, 233 threads, 2 processors
Load average: 0.24, Mach factor: 1.75
/bin/machine           = unknown
/usr/bin/oslevel       = unknown
/bin/universe          = unknown

PATH: /Users/sshields/bin
PATH: /opt/local/bin
PATH: /opt/local/sbin
PATH: /usr/local/bin
PATH: /usr/local/mysql/bin
PATH: /bin
PATH: /sbin
PATH: /usr/bin
PATH: /usr/sbin


## ----------- ##
## Core tests. ##
## ----------- ##

configure:1229: checking whether make sets $(MAKE)
configure:1249: result: yes
configure:1296: checking for a BSD-compatible install
configure:1351: result: /usr/bin/install -c
configure:1381: checking for makeinfo
configure:1397: found /usr/bin/makeinfo
configure:1408: result: makeinfo
configure:1418: checking for emacs
configure:1434: found /usr/bin/emacs
configure:1445: result: emacs
configure:1455: checking if emacs is really XEmacs
emacs -batch -eval (let ((x (if (string-match "XEmacs" emacs-version) "yes" "no") )) (write-region (if (stringp x) (princ x) (prin1-to-string x)) nil "./conftest-21032"))
=> no
configure:1488: result: no
configure:1494: checking prefix for your Emacs
emacs -batch -eval (let ((x (expand-file-name ".." invocation-directory))) (write-region (if (stringp x) (princ x) (prin1-to-string x)) nil "./conftest-21032"))
=> /usr
configure:1523: result: /usr
configure:1532: checking where .elc files should go
configure:1557: result: $(datadir)/emacs/site-lisp/gnus
configure:1568: checking where etc files should go
configure:1577: result: $(lispdir)/../../etc
configure:1582: checking where the TeXinfo docs should go
configure:1593: result: $(prefix)/info
configure:1598: checking for acceptable URL version
emacs -batch -eval (let ((x (progn (fmakunbound 'url-retrieve) (condition-case nil (progn (require 'url) (fboundp 'url-retrieve)) (error (prog1 nil (message "url not found"))))))) (write-region (if (stringp x) (princ x) (prin1-to-string x)) nil "./conftest-21032"))
url not found
=> nil
configure:1695: result: "no"
configure:1699: checking for acceptable W3 version
emacs -batch -eval (let ((x (progn (fmakunbound 'w3-form-encode-xwfu) (condition-case nil (progn (require 'w3-forms) (fboundp 'w3-form-encode-xwfu)) (error (prog1 nil (message "w3-forms not found"))))))) (write-region (if (stringp x) (princ x) (prin1-to-string x)) nil "./conftest-21032"))
w3-forms not found
=> nil
configure:1796: result: "no"
configure:1800: checking which options to pass on to (X)Emacs
configure:1811: result: -batch -q -no-site-file -l $(srcdir)/dgnushack.el
configure:1821: checking for latex
configure:1854: result: no
configure:1862: checking for available fonts
configure:1939: result: "no"
configure:2078: creating ./config.status

## ---------------------- ##
## Running config.status. ##
## ---------------------- ##

This file was extended by config.status, which was
generated by GNU Autoconf 2.59.  Invocation command line was

  CONFIG_FILES    = 
  CONFIG_HEADERS  = 
  CONFIG_LINKS    = 
  CONFIG_COMMANDS = 
  $ ./config.status 

on dyn154.wasteland.midgard

config.status:658: creating Makefile
config.status:658: creating etc/Makefile
config.status:658: creating lisp/Makefile
config.status:658: creating texi/Makefile
config.status:658: creating texi/gnusconfig.tex
config.status:658: creating texi/ps/Makefile

## ---------------- ##
## Cache variables. ##
## ---------------- ##

EMACS_cv_ACCEPTABLE_URL=no
EMACS_cv_ACCEPTABLE_W3=no
EMACS_cv_SYS_prefix=/usr
EMACS_cv_SYS_url=no
EMACS_cv_SYS_w3_forms=no
EMACS_cv_SYS_xemacsp=no
ac_cv_env_build_alias_set=
ac_cv_env_build_alias_value=
ac_cv_env_host_alias_set=
ac_cv_env_host_alias_value=
ac_cv_env_target_alias_set=
ac_cv_env_target_alias_value=
ac_cv_path_install='/usr/bin/install -c'
ac_cv_prog_EMACS=emacs
ac_cv_prog_MAKEINFO=makeinfo
ac_cv_prog_make_make_set=yes

## ----------------- ##
## Output variables. ##
## ----------------- ##

DEFS='-DPACKAGE_NAME=\"\" -DPACKAGE_TARNAME=\"\" -DPACKAGE_VERSION=\"\" -DPACKAGE_STRING=\"\" -DPACKAGE_BUGREPORT=\"\" '
ECHO_C=''
ECHO_N='-n'
ECHO_T=''
EMACS='emacs'
EMACS_FLAVOR='emacs'
FLAGS='-batch -q -no-site-file -l $(srcdir)/dgnushack.el'
HAVE_url='no'
HAVE_w3_forms='no'
INSTALL_DATA='${INSTALL} -m 644'
INSTALL_PROGRAM='${INSTALL}'
INSTALL_SCRIPT='${INSTALL}'
LATEX='no'
LIBOBJS=''
LIBS=''
LTLIBOBJS=''
MAKEINFO='makeinfo'
PACKAGE_BUGREPORT=''
PACKAGE_NAME=''
PACKAGE_STRING=''
PACKAGE_TARNAME=''
PACKAGE_VERSION=''
PATH_SEPARATOR=':'
SET_MAKE=''
SHELL='/bin/sh'
URL='no'
USE_FONTS=''
W3='no'
WITHOUT_FONTS_bcr=''
WITHOUT_FONTS_bembo=''
WITHOUT_FONTS_pfu=''
WITH_FONTS_bcr='%'
WITH_FONTS_bembo='%'
WITH_FONTS_pfu='%'
XEMACS='no'
bindir='${exec_prefix}/bin'
build_alias=''
datadir='${prefix}/share'
etcdir='$(lispdir)/../../etc'
exec_prefix='${prefix}'
host_alias=''
includedir='${prefix}/include'
info_dir='$(prefix)/info'
infodir='${prefix}/info'
libdir='${exec_prefix}/lib'
libexecdir='${exec_prefix}/libexec'
lispdir='$(datadir)/emacs/site-lisp/gnus'
localstatedir='${prefix}/var'
mandir='${prefix}/man'
oldincludedir='/usr/include'
prefix='/usr'
program_transform_name='s,x,x,'
sbindir='${exec_prefix}/sbin'
sharedstatedir='${prefix}/com'
sysconfdir='${prefix}/etc'
target_alias=''

## ----------- ##
## confdefs.h. ##
## ----------- ##

#define PACKAGE_BUGREPORT ""
#define PACKAGE_NAME ""
#define PACKAGE_STRING ""
#define PACKAGE_TARNAME ""
#define PACKAGE_VERSION ""

configure: exit 0
